2014-07-02 16:03:29 Debug: Notice (8): Undefined index: txtdk in [E:\xampp\htdocs\websitetemplate\app\controllers\home_controller.php, line 76]
2014-07-02 16:03:29 Debug: Notice (8): Undefined index: url in [E:\xampp\htdocs\websitetemplate\app\controllers\home_controller.php, line 78]
2014-07-02 16:06:00 Debug: Notice (8): Undefined index: txtdk in [E:\xampp\htdocs\websitetemplate\app\controllers\home_controller.php, line 76]
2014-07-02 16:06:00 Debug: Notice (8): Undefined index: url in [E:\xampp\htdocs\websitetemplate\app\controllers\home_controller.php, line 78]
2014-07-04 04:56:04 Debug: Notice (8): Undefined index: storename in [E:\xampp\htdocs\websitetemplate\app\controllers\home_controller.php, line 56]
2014-07-04 04:56:04 Debug: Notice (8): Undefined index: storename in [E:\xampp\htdocs\websitetemplate\app\controllers\home_controller.php, line 62]
2014-07-04 04:57:12 Debug: Notice (8): Undefined index: storename in [E:\xampp\htdocs\websitetemplate\app\controllers\home_controller.php, line 56]
2014-07-04 04:57:12 Debug: Notice (8): Undefined index: storename in [E:\xampp\htdocs\websitetemplate\app\controllers\home_controller.php, line 62]
2014-07-04 04:57:12 Debug: Notice (8): Undefined index: storename in [E:\xampp\htdocs\websitetemplate\app\controllers\home_controller.php, line 63]
2014-07-04 04:57:12 Debug: Notice (8): Undefined index: email in [E:\xampp\htdocs\websitetemplate\app\controllers\home_controller.php, line 64]
2014-07-04 04:58:02 Debug: Notice (8): Undefined index: email in [E:\xampp\htdocs\websitetemplate\app\controllers\home_controller.php, line 64]
2014-07-04 05:29:23 Debug: Notice (8): Undefined index: storename in [E:\xampp\htdocs\websitetemplate\app\controllers\home_controller.php, line 59]
2014-07-04 05:29:23 Debug: Notice (8): Undefined index: storename in [E:\xampp\htdocs\websitetemplate\app\controllers\home_controller.php, line 65]
2014-07-04 05:29:23 Debug: Notice (8): Undefined index: storename in [E:\xampp\htdocs\websitetemplate\app\controllers\home_controller.php, line 66]
2014-07-04 05:29:23 Debug: Notice (8): Undefined index: mail in [E:\xampp\htdocs\websitetemplate\app\controllers\home_controller.php, line 67]
2014-07-04 05:37:22 Debug: Notice (8): Undefined index: storename in [E:\xampp\htdocs\websitetemplate\app\controllers\home_controller.php, line 56]
2014-07-04 05:37:22 Debug: Notice (8): Undefined index: storename in [E:\xampp\htdocs\websitetemplate\app\controllers\home_controller.php, line 62]
2014-07-04 05:37:22 Debug: Notice (8): Undefined index: storename in [E:\xampp\htdocs\websitetemplate\app\controllers\home_controller.php, line 63]
2014-07-04 05:37:22 Debug: Notice (8): Undefined index: mail in [E:\xampp\htdocs\websitetemplate\app\controllers\home_controller.php, line 64]
2014-07-24 15:57:16 Debug: Notice (8): Undefined index: name in [C:\xampp\htdocs\websitetemplate\app\views\home\index.ctp, line 301]
2014-07-24 15:59:06 Debug: Notice (8): Undefined index: name in [C:\xampp\htdocs\websitetemplate\app\views\home\index.ctp, line 301]
2014-07-24 16:04:29 Debug: Notice (8): Undefined index: name in [C:\xampp\htdocs\websitetemplate\app\views\home\index.ctp, line 301]
2014-07-24 16:05:28 Debug: Notice (8): Undefined index: name in [C:\xampp\htdocs\websitetemplate\app\views\home\index.ctp, line 301]
2014-07-24 16:06:51 Debug: Notice (8): Undefined index: name in [C:\xampp\htdocs\websitetemplate\app\views\home\index.ctp, line 301]
2014-07-24 16:07:09 Debug: Notice (8): Undefined index: name in [C:\xampp\htdocs\websitetemplate\app\views\home\index.ctp, line 301]
2014-07-24 16:11:46 Debug: Notice (8): Undefined index: name in [C:\xampp\htdocs\websitetemplate\app\views\home\index.ctp, line 301]
2014-07-24 16:12:24 Debug: Notice (8): Undefined index: title in [C:\xampp\htdocs\websitetemplate\app\views\home\index.ctp, line 301]
2014-07-24 16:12:26 Debug: Notice (8): Undefined index: title in [C:\xampp\htdocs\websitetemplate\app\views\home\index.ctp, line 301]
2014-07-24 16:16:09 Debug: Notice (8): Undefined index: setting in [C:\xampp\htdocs\websitetemplate\app\views\home\index.ctp, line 301]
2014-07-24 16:16:14 Debug: Notice (8): Undefined index: setting in [C:\xampp\htdocs\websitetemplate\app\views\home\index.ctp, line 301]
2014-08-01 10:06:52 Debug: Notice (8): Undefined variable: row in [D:\xampp\htdocs\websitetemplate\app\views\home\index.ctp, line 3]
2014-08-01 10:30:48 Debug: Notice (8): Undefined variable: arr in [D:\xampp\htdocs\websitetemplate\app\views\home\index.ctp, line 31]
2014-08-01 10:31:16 Debug: Notice (8): Undefined variable: arr in [D:\xampp\htdocs\websitetemplate\app\views\home\index.ctp, line 31]
2014-08-01 10:31:39 Debug: Notice (8): Undefined index: name in [D:\xampp\htdocs\websitetemplate\app\views\home\index.ctp, line 33]
2014-08-04 09:04:56 Debug: Notice (8): Undefined index: Note in [D:\xampp\htdocs\websitetemplate\app\views\home\personalwebsites.ctp, line 8]
2014-08-04 09:05:18 Debug: Notice (8): Undefined index: tile in [D:\xampp\htdocs\websitetemplate\app\views\home\personalwebsites.ctp, line 8]
2014-08-04 09:15:23 Debug: Notice (8): Undefined index: tile in [D:\xampp\htdocs\websitetemplate\app\views\home\personalwebsites.ctp, line 8]
2014-08-04 10:05:45 Debug: Notice (8): Undefined index: tile in [D:\xampp\htdocs\websitetemplate\app\views\home\personalwebsites.ctp, line 58]
