2014-07-30 06:20:37 Warning: Warning (2): Missing argument 1 for CommentController::get_user_id() in [E:\xampp\htdocs\freewebmobile.mobi\app\controllers\comment_controller.php, line 2822]
2014-07-30 06:20:51 Warning: Warning (2): Missing argument 1 for CommentController::get_user_id() in [E:\xampp\htdocs\freewebmobile.mobi\app\controllers\comment_controller.php, line 2822]
2014-07-30 06:24:16 Warning: Warning (2): Missing argument 1 for CommentController::get_user_id() in [E:\xampp\htdocs\freewebmobile.mobi\app\controllers\comment_controller.php, line 2822]
2014-07-30 06:24:23 Warning: Warning (2): Missing argument 1 for CommentController::get_user_id() in [E:\xampp\htdocs\freewebmobile.mobi\app\controllers\comment_controller.php, line 2822]
2014-07-30 06:25:22 Warning: Warning (2): Missing argument 1 for CommentController::get_user_id() in [E:\xampp\htdocs\freewebmobile.mobi\app\controllers\comment_controller.php, line 2822]
2014-07-30 06:25:28 Warning: Warning (2): Missing argument 1 for CommentController::get_user_id() in [E:\xampp\htdocs\freewebmobile.mobi\app\controllers\comment_controller.php, line 2822]
2014-07-30 08:29:03 Warning: Warning (2): Invalid argument supplied for foreach() in [E:\xampp\htdocs\freewebmobile.mobi\app\views\eshop0306\addshopingcart.ctp, line 38]
2014-07-30 08:29:24 Warning: Warning (2): Invalid argument supplied for foreach() in [E:\xampp\htdocs\freewebmobile.mobi\app\views\eshop0306\addshopingcart.ctp, line 38]
2014-07-30 08:33:44 Warning: Warning (2): Invalid argument supplied for foreach() in [E:\xampp\htdocs\freewebmobile.mobi\app\views\eshop0306\addshopingcart.ctp, line 38]
2014-07-30 09:11:20 Warning: Warning (2): Invalid argument supplied for foreach() in [E:\xampp\htdocs\freewebmobile.mobi\app\views\eshop0306\addshopingcart.ctp, line 38]
2014-08-02 12:50:18 Warning: Warning (2): Missing argument 1 for CommentController::get_user_id() in [E:\xampp\htdocs\freewebmobile.mobi\app\controllers\comment_controller.php, line 3321]
2014-08-02 12:50:25 Warning: Warning (2): Missing argument 1 for CommentController::get_user_id() in [E:\xampp\htdocs\freewebmobile.mobi\app\controllers\comment_controller.php, line 3321]
2014-08-02 12:52:21 Warning: Warning (2): Invalid argument supplied for foreach() in [E:\xampp\htdocs\freewebmobile.mobi\app\views\eshopphuc\addshopingcart.ctp, line 27]
2014-08-02 13:13:33 Warning: Warning (2): mkdir() [<a href='http://php.net/function.mkdir'>function.mkdir</a>]: File exists in [E:\xampp\htdocs\freewebmobile.mobi\app\controllers\comment_controller.php, line 2949]
2014-08-02 13:13:34 Warning: Warning (2): mkdir() [<a href='http://php.net/function.mkdir'>function.mkdir</a>]: File exists in [E:\xampp\htdocs\freewebmobile.mobi\app\controllers\comment_controller.php, line 2958]
2014-08-02 13:16:33 Warning: Warning (2): mkdir() [<a href='http://php.net/function.mkdir'>function.mkdir</a>]: File exists in [E:\xampp\htdocs\freewebmobile.mobi\app\controllers\comment_controller.php, line 2958]
2014-08-02 14:47:33 Warning: Warning (2): mkdir() [<a href='http://php.net/function.mkdir'>function.mkdir</a>]: File exists in [E:\xampp\htdocs\freewebmobile.mobi\app\controllers\comment_controller.php, line 2959]
2014-08-02 14:54:11 Warning: Warning (512): <span style="color:Red;text-align:left"><b>SQL Error:</b> 1064: You have an error in your SQL syntax; check the manual that corresponds to your MySQL server version for the right syntax to use near 'INSERT INTO `estore_albums` (`id`, `estore_id`, `tt`, `parent_id`, `lft`, `rght`' at line 12</span> in [E:\xampp\htdocs\freewebmobile.mobi\cake\libs\model\datasources\dbo_source.php, line 684]
2014-08-02 14:54:11 Warning: Warning (2): mkdir() [<a href='http://php.net/function.mkdir'>function.mkdir</a>]: File exists in [E:\xampp\htdocs\freewebmobile.mobi\app\controllers\comment_controller.php, line 2962]
2014-08-02 14:56:31 Warning: Warning (512): <span style="color:Red;text-align:left"><b>SQL Error:</b> 1064: You have an error in your SQL syntax; check the manual that corresponds to your MySQL server version for the right syntax to use near 'INSERT INTO `estore_albums` (`id`, `estore_id`, `tt`, `parent_id`, `lft`, `rght`' at line 12</span> in [E:\xampp\htdocs\freewebmobile.mobi\cake\libs\model\datasources\dbo_source.php, line 684]
2014-08-02 15:02:00 Warning: Warning (512): <span style="color:Red;text-align:left"><b>SQL Error:</b> 1064: You have an error in your SQL syntax; check the manual that corresponds to your MySQL server version for the right syntax to use near 'INSERT INTO `estore_albums` (`id`, `estore_id`, `tt`, `parent_id`, `lft`, `rght`' at line 12</span> in [E:\xampp\htdocs\freewebmobile.mobi\cake\libs\model\datasources\dbo_source.php, line 684]
2014-08-02 15:02:00 Warning: Warning (2): mkdir() [<a href='http://php.net/function.mkdir'>function.mkdir</a>]: File exists in [E:\xampp\htdocs\freewebmobile.mobi\app\controllers\comment_controller.php, line 2961]
2014-08-02 15:06:04 Warning: Warning (512): <span style="color:Red;text-align:left"><b>SQL Error:</b> 1064: You have an error in your SQL syntax; check the manual that corresponds to your MySQL server version for the right syntax to use near 'INSERT INTO `estore_albums` (`id`, `estore_id`, `tt`, `parent_id`, `lft`, `rght`' at line 12</span> in [E:\xampp\htdocs\freewebmobile.mobi\cake\libs\model\datasources\dbo_source.php, line 684]
2014-08-02 15:07:23 Warning: Warning (512): <span style="color:Red;text-align:left"><b>SQL Error:</b> 1064: You have an error in your SQL syntax; check the manual that corresponds to your MySQL server version for the right syntax to use near 'INSERT INTO `estore_albums` (`id`, `estore_id`, `tt`, `parent_id`, `lft`, `rght`' at line 12</span> in [E:\xampp\htdocs\freewebmobile.mobi\cake\libs\model\datasources\dbo_source.php, line 684]
2014-08-02 16:24:11 Warning: Warning (512): <span style="color:Red;text-align:left"><b>SQL Error:</b> 1064: You have an error in your SQL syntax; check the manual that corresponds to your MySQL server version for the right syntax to use near 'INSERT INTO `estore_albums` (`estore_id`, `tt`, `parent_id`, `lft`, `rght`, `nam' at line 12</span> in [E:\xampp\htdocs\freewebmobile.mobi\cake\libs\model\datasources\dbo_source.php, line 684]
2014-08-02 16:24:11 Warning: Warning (2): mkdir() [<a href='http://php.net/function.mkdir'>function.mkdir</a>]: File exists in [E:\xampp\htdocs\freewebmobile.mobi\app\controllers\comment_controller.php, line 2962]
2014-08-02 16:33:39 Warning: Warning (2): mkdir() [<a href='http://php.net/function.mkdir'>function.mkdir</a>]: File exists in [E:\xampp\htdocs\freewebmobile.mobi\app\controllers\comment_controller.php, line 2963]
2014-08-02 16:38:34 Warning: Warning (512): <span style="color:Red;text-align:left"><b>SQL Error:</b> 1064: You have an error in your SQL syntax; check the manual that corresponds to your MySQL server version for the right syntax to use near 'INSERT INTO `estore_albums` (`estore_id`, `tt`, `parent_id`, `lft`, `rght`, `nam' at line 12</span> in [E:\xampp\htdocs\freewebmobile.mobi\cake\libs\model\datasources\dbo_source.php, line 684]
2014-08-02 16:38:34 Warning: Warning (2): mkdir() [<a href='http://php.net/function.mkdir'>function.mkdir</a>]: File exists in [E:\xampp\htdocs\freewebmobile.mobi\app\controllers\comment_controller.php, line 2963]
2014-08-02 16:39:48 Warning: Warning (512): <span style="color:Red;text-align:left"><b>SQL Error:</b> 1064: You have an error in your SQL syntax; check the manual that corresponds to your MySQL server version for the right syntax to use near 'INSERT INTO `estore_albums` (`estore_id`, `tt`, `parent_id`, `lft`, `rght`, `nam' at line 12</span> in [E:\xampp\htdocs\freewebmobile.mobi\cake\libs\model\datasources\dbo_source.php, line 684]
2014-08-02 16:47:13 Warning: Warning (512): <span style="color:Red;text-align:left"><b>SQL Error:</b> 1064: You have an error in your SQL syntax; check the manual that corresponds to your MySQL server version for the right syntax to use near 'INSERT INTO `estore_albums` (`estore_id`, `tt`, `parent_id`, `lft`, `rght`, `nam' at line 12</span> in [E:\xampp\htdocs\freewebmobile.mobi\cake\libs\model\datasources\dbo_source.php, line 684]
2014-08-02 16:51:00 Warning: Warning (512): <span style="color:Red;text-align:left"><b>SQL Error:</b> 1064: You have an error in your SQL syntax; check the manual that corresponds to your MySQL server version for the right syntax to use near 'INSERT INTO `estore_albums` (`estore_id`, `tt`, `parent_id`, `lft`, `rght`, `nam' at line 12</span> in [E:\xampp\htdocs\freewebmobile.mobi\cake\libs\model\datasources\dbo_source.php, line 684]
2014-08-02 16:53:17 Warning: Warning (512): <span style="color:Red;text-align:left"><b>SQL Error:</b> 1064: You have an error in your SQL syntax; check the manual that corresponds to your MySQL server version for the right syntax to use near 'INSERT INTO `estore_albums` (`estore_id`, `tt`, `parent_id`, `lft`, `rght`, `nam' at line 12</span> in [E:\xampp\htdocs\freewebmobile.mobi\cake\libs\model\datasources\dbo_source.php, line 684]
2014-08-02 16:57:17 Warning: Warning (512): <span style="color:Red;text-align:left"><b>SQL Error:</b> 1064: You have an error in your SQL syntax; check the manual that corresponds to your MySQL server version for the right syntax to use near 'INSERT INTO `estore_albums` (`estore_id`, `tt`, `parent_id`, `lft`, `rght`, `nam' at line 11</span> in [E:\xampp\htdocs\freewebmobile.mobi\cake\libs\model\datasources\dbo_source.php, line 684]
2014-08-02 17:24:40 Warning: Warning (512): <span style="color:Red;text-align:left"><b>SQL Error:</b> 1064: You have an error in your SQL syntax; check the manual that corresponds to your MySQL server version for the right syntax to use near 'INSERT INTO `estore_albums` (`estore_id`, `tt`, `parent_id`, `lft`, `rght`, `nam' at line 11</span> in [E:\xampp\htdocs\freewebmobile.mobi\cake\libs\model\datasources\dbo_source.php, line 684]
2014-08-02 17:25:33 Warning: Warning (512): <span style="color:Red;text-align:left"><b>SQL Error:</b> 1064: You have an error in your SQL syntax; check the manual that corresponds to your MySQL server version for the right syntax to use near 'INSERT INTO `estore_banners` (`estore_id`, `name`, `images`, `created`, `status`' at line 11</span> in [E:\xampp\htdocs\freewebmobile.mobi\cake\libs\model\datasources\dbo_source.php, line 684]
2014-08-02 17:27:27 Warning: Warning (512): <span style="color:Red;text-align:left"><b>SQL Error:</b> 1064: You have an error in your SQL syntax; check the manual that corresponds to your MySQL server version for the right syntax to use near 'INSERT INTO `estore_albums` (`estore_id`, `tt`, `parent_id`, `lft`, `rght`, `nam' at line 11</span> in [E:\xampp\htdocs\freewebmobile.mobi\cake\libs\model\datasources\dbo_source.php, line 684]
2014-08-02 17:31:21 Warning: Warning (512): <span style="color:Red;text-align:left"><b>SQL Error:</b> 1064: You have an error in your SQL syntax; check the manual that corresponds to your MySQL server version for the right syntax to use near 'INSERT INTO `estore_albums` (`estore_id`, `tt`, `parent_id`, `lft`, `rght`, `nam' at line 10</span> in [E:\xampp\htdocs\freewebmobile.mobi\cake\libs\model\datasources\dbo_source.php, line 684]
2014-08-02 18:05:47 Warning: Warning (2): mkdir() [<a href='http://php.net/function.mkdir'>function.mkdir</a>]: File exists in [E:\xampp\htdocs\freewebmobile.mobi\app\controllers\comment_controller.php, line 2962]
2014-08-02 18:19:17 Warning: Warning (2): Invalid argument supplied for foreach() in [E:\xampp\htdocs\freewebmobile.mobi\app\views\eshopphuc\addshopingcart.ctp, line 27]
2014-08-02 19:23:50 Warning: Warning (2): Missing argument 1 for CommentController::get_user_id() in [E:\xampp\htdocs\freewebmobile.mobi\app\controllers\comment_controller.php, line 3546]
2014-08-02 19:24:01 Warning: Warning (2): Missing argument 1 for CommentController::get_user_id() in [E:\xampp\htdocs\freewebmobile.mobi\app\controllers\comment_controller.php, line 3546]
2014-08-02 20:03:10 Warning: Warning (512): <span style="color:Red;text-align:left"><b>SQL Error:</b> 1054: Unknown column 'Estore_banner.estore_id' in 'where clause'</span> in [E:\xampp\htdocs\freewebmobile.mobi\cake\libs\model\datasources\dbo_source.php, line 684]
2014-08-02 20:03:10 Warning: Warning (2): Invalid argument supplied for foreach() in [E:\xampp\htdocs\freewebmobile.mobi\app\views\layouts\themeshop\home.ctp, line 37]
2014-08-02 20:03:13 Warning: Warning (2): Invalid argument supplied for foreach() in [E:\xampp\htdocs\freewebmobile.mobi\app\views\elements\themeshop\home\right.ctp, line 85]
2014-08-02 20:03:13 Warning: Warning (2): Invalid argument supplied for foreach() in [E:\xampp\htdocs\freewebmobile.mobi\app\views\elements\themeshop\home\footer.ctp, line 38]
2014-08-02 20:03:18 Warning: Warning (512): <span style="color:Red;text-align:left"><b>SQL Error:</b> 1054: Unknown column 'Estore_banner.estore_id' in 'where clause'</span> in [E:\xampp\htdocs\freewebmobile.mobi\cake\libs\model\datasources\dbo_source.php, line 684]
2014-08-02 20:03:18 Warning: Warning (2): Invalid argument supplied for foreach() in [E:\xampp\htdocs\freewebmobile.mobi\app\views\layouts\themeshop\home.ctp, line 37]
2014-08-02 20:03:21 Warning: Warning (2): Invalid argument supplied for foreach() in [E:\xampp\htdocs\freewebmobile.mobi\app\views\elements\themeshop\home\right.ctp, line 85]
2014-08-02 20:03:21 Warning: Warning (2): Invalid argument supplied for foreach() in [E:\xampp\htdocs\freewebmobile.mobi\app\views\elements\themeshop\home\footer.ctp, line 38]
2014-08-02 20:04:22 Warning: Warning (512): <span style="color:Red;text-align:left"><b>SQL Error:</b> 1054: Unknown column 'Estore_banner.estore_id' in 'where clause'</span> in [E:\xampp\htdocs\freewebmobile.mobi\cake\libs\model\datasources\dbo_source.php, line 684]
2014-08-02 20:04:22 Warning: Warning (2): Invalid argument supplied for foreach() in [E:\xampp\htdocs\freewebmobile.mobi\app\views\layouts\themeshop\home.ctp, line 37]
2014-08-02 20:04:25 Warning: Warning (2): Invalid argument supplied for foreach() in [E:\xampp\htdocs\freewebmobile.mobi\app\views\elements\themeshop\home\right.ctp, line 85]
2014-08-02 20:04:25 Warning: Warning (2): Invalid argument supplied for foreach() in [E:\xampp\htdocs\freewebmobile.mobi\app\views\elements\themeshop\home\footer.ctp, line 38]
2014-08-02 20:04:35 Warning: Warning (512): <span style="color:Red;text-align:left"><b>SQL Error:</b> 1054: Unknown column 'Estore_banner.estore_id' in 'where clause'</span> in [E:\xampp\htdocs\freewebmobile.mobi\cake\libs\model\datasources\dbo_source.php, line 684]
2014-08-02 20:04:35 Warning: Warning (2): Invalid argument supplied for foreach() in [E:\xampp\htdocs\freewebmobile.mobi\app\views\layouts\themeshop\home.ctp, line 37]
2014-08-02 20:04:38 Warning: Warning (2): Invalid argument supplied for foreach() in [E:\xampp\htdocs\freewebmobile.mobi\app\views\elements\themeshop\home\right.ctp, line 85]
2014-08-02 20:04:38 Warning: Warning (2): Invalid argument supplied for foreach() in [E:\xampp\htdocs\freewebmobile.mobi\app\views\elements\themeshop\home\footer.ctp, line 38]
2014-08-02 20:07:11 Warning: Warning (512): <span style="color:Red;text-align:left"><b>SQL Error:</b> 1054: Unknown column 'Estore_banner.estore_id' in 'where clause'</span> in [E:\xampp\htdocs\freewebmobile.mobi\cake\libs\model\datasources\dbo_source.php, line 684]
2014-08-02 20:07:11 Warning: Warning (2): Invalid argument supplied for foreach() in [E:\xampp\htdocs\freewebmobile.mobi\app\views\layouts\themeshop\home.ctp, line 37]
2014-08-02 20:07:51 Warning: Warning (512): <span style="color:Red;text-align:left"><b>SQL Error:</b> 1054: Unknown column 'Estore_banner.estore_id' in 'where clause'</span> in [E:\xampp\htdocs\freewebmobile.mobi\cake\libs\model\datasources\dbo_source.php, line 684]
2014-08-02 20:07:51 Warning: Warning (2): Invalid argument supplied for foreach() in [E:\xampp\htdocs\freewebmobile.mobi\app\views\layouts\themeshop\home.ctp, line 37]
2014-08-02 20:07:54 Warning: Warning (2): Invalid argument supplied for foreach() in [E:\xampp\htdocs\freewebmobile.mobi\app\views\elements\themeshop\home\right.ctp, line 85]
2014-08-02 20:07:55 Warning: Warning (2): Invalid argument supplied for foreach() in [E:\xampp\htdocs\freewebmobile.mobi\app\views\elements\themeshop\home\footer.ctp, line 38]
2014-08-02 20:07:59 Warning: Warning (512): <span style="color:Red;text-align:left"><b>SQL Error:</b> 1054: Unknown column 'Estore_banner.estore_id' in 'where clause'</span> in [E:\xampp\htdocs\freewebmobile.mobi\cake\libs\model\datasources\dbo_source.php, line 684]
2014-08-02 20:07:59 Warning: Warning (2): Invalid argument supplied for foreach() in [E:\xampp\htdocs\freewebmobile.mobi\app\views\layouts\themeshop\home.ctp, line 37]
2014-08-02 20:08:03 Warning: Warning (2): Invalid argument supplied for foreach() in [E:\xampp\htdocs\freewebmobile.mobi\app\views\elements\themeshop\home\right.ctp, line 85]
2014-08-02 20:08:03 Warning: Warning (2): Invalid argument supplied for foreach() in [E:\xampp\htdocs\freewebmobile.mobi\app\views\elements\themeshop\home\footer.ctp, line 38]
2014-08-02 20:13:10 Warning: Warning (512): <span style="color:Red;text-align:left"><b>SQL Error:</b> 1054: Unknown column 'Estore_banner.estore_id' in 'where clause'</span> in [E:\xampp\htdocs\freewebmobile.mobi\cake\libs\model\datasources\dbo_source.php, line 684]
2014-08-02 20:13:10 Warning: Warning (2): Invalid argument supplied for foreach() in [E:\xampp\htdocs\freewebmobile.mobi\app\views\layouts\themeshop\home.ctp, line 37]
2014-08-02 20:13:13 Warning: Warning (2): Invalid argument supplied for foreach() in [E:\xampp\htdocs\freewebmobile.mobi\app\views\elements\themeshop\home\right.ctp, line 85]
2014-08-02 20:13:13 Warning: Warning (2): Invalid argument supplied for foreach() in [E:\xampp\htdocs\freewebmobile.mobi\app\views\elements\themeshop\home\footer.ctp, line 38]
2014-08-02 20:13:18 Warning: Warning (512): <span style="color:Red;text-align:left"><b>SQL Error:</b> 1054: Unknown column 'Estore_banner.estore_id' in 'where clause'</span> in [E:\xampp\htdocs\freewebmobile.mobi\cake\libs\model\datasources\dbo_source.php, line 684]
2014-08-02 20:13:18 Warning: Warning (2): Invalid argument supplied for foreach() in [E:\xampp\htdocs\freewebmobile.mobi\app\views\layouts\themeshop\home.ctp, line 37]
2014-08-02 20:13:22 Warning: Warning (2): Invalid argument supplied for foreach() in [E:\xampp\htdocs\freewebmobile.mobi\app\views\elements\themeshop\home\right.ctp, line 85]
2014-08-02 20:13:22 Warning: Warning (2): Invalid argument supplied for foreach() in [E:\xampp\htdocs\freewebmobile.mobi\app\views\elements\themeshop\home\footer.ctp, line 38]
2014-08-02 20:13:58 Warning: Warning (512): <span style="color:Red;text-align:left"><b>SQL Error:</b> 1054: Unknown column 'estore_settings.estore_id' in 'where clause'</span> in [E:\xampp\htdocs\freewebmobile.mobi\cake\libs\model\datasources\dbo_source.php, line 684]
2014-08-02 20:13:58 Warning: Warning (2): Invalid argument supplied for foreach() in [E:\xampp\htdocs\freewebmobile.mobi\app\views\layouts\themeshop\home.ctp, line 37]
2014-08-02 20:14:02 Warning: Warning (2): Invalid argument supplied for foreach() in [E:\xampp\htdocs\freewebmobile.mobi\app\views\elements\themeshop\home\right.ctp, line 85]
2014-08-02 20:14:02 Warning: Warning (2): Invalid argument supplied for foreach() in [E:\xampp\htdocs\freewebmobile.mobi\app\views\elements\themeshop\home\footer.ctp, line 38]
2014-08-02 20:14:07 Warning: Warning (512): <span style="color:Red;text-align:left"><b>SQL Error:</b> 1054: Unknown column 'estore_settings.estore_id' in 'where clause'</span> in [E:\xampp\htdocs\freewebmobile.mobi\cake\libs\model\datasources\dbo_source.php, line 684]
2014-08-02 20:14:07 Warning: Warning (2): Invalid argument supplied for foreach() in [E:\xampp\htdocs\freewebmobile.mobi\app\views\layouts\themeshop\home.ctp, line 37]
2014-08-02 20:14:10 Warning: Warning (2): Invalid argument supplied for foreach() in [E:\xampp\htdocs\freewebmobile.mobi\app\views\elements\themeshop\home\right.ctp, line 85]
2014-08-02 20:14:10 Warning: Warning (2): Invalid argument supplied for foreach() in [E:\xampp\htdocs\freewebmobile.mobi\app\views\elements\themeshop\home\footer.ctp, line 38]
2014-08-03 09:39:48 Warning: Warning (2): Invalid argument supplied for foreach() in [E:\xampp\htdocs\freewebmobile.mobi\app\views\bepga\addshopingcart.ctp, line 27]
2014-08-04 04:16:14 Warning: Warning (512): <span style="color:Red;text-align:left"><b>SQL Error:</b> 1062: Duplicate entry '25' for key 'PRIMARY'</span> in [E:\xampp\htdocs\freemobiweb.mobi\cake\libs\model\datasources\dbo_source.php, line 684]
2014-08-04 04:16:14 Warning: Warning (512): <span style="color:Red;text-align:left"><b>SQL Error:</b> 1062: Duplicate entry '204' for key 'PRIMARY'</span> in [E:\xampp\htdocs\freemobiweb.mobi\cake\libs\model\datasources\dbo_source.php, line 684]
2014-08-04 04:16:14 Warning: Warning (512): <span style="color:Red;text-align:left"><b>SQL Error:</b> 1062: Duplicate entry '1' for key 'PRIMARY'</span> in [E:\xampp\htdocs\freemobiweb.mobi\cake\libs\model\datasources\dbo_source.php, line 684]
2014-08-04 04:16:14 Warning: Warning (512): <span style="color:Red;text-align:left"><b>SQL Error:</b> 1062: Duplicate entry '146' for key 'PRIMARY'</span> in [E:\xampp\htdocs\freemobiweb.mobi\cake\libs\model\datasources\dbo_source.php, line 684]
2014-08-04 04:16:14 Warning: Warning (512): <span style="color:Red;text-align:left"><b>SQL Error:</b> 1062: Duplicate entry '11' for key 'PRIMARY'</span> in [E:\xampp\htdocs\freemobiweb.mobi\cake\libs\model\datasources\dbo_source.php, line 684]
2014-08-04 04:16:14 Warning: Warning (512): <span style="color:Red;text-align:left"><b>SQL Error:</b> 1062: Duplicate entry '67' for key 'PRIMARY'</span> in [E:\xampp\htdocs\freemobiweb.mobi\cake\libs\model\datasources\dbo_source.php, line 684]
2014-08-04 04:16:14 Warning: Warning (512): <span style="color:Red;text-align:left"><b>SQL Error:</b> 1062: Duplicate entry '4' for key 'PRIMARY'</span> in [E:\xampp\htdocs\freemobiweb.mobi\cake\libs\model\datasources\dbo_source.php, line 684]
2014-08-04 04:16:14 Warning: Warning (512): <span style="color:Red;text-align:left"><b>SQL Error:</b> 1062: Duplicate entry '7' for key 'PRIMARY'</span> in [E:\xampp\htdocs\freemobiweb.mobi\cake\libs\model\datasources\dbo_source.php, line 684]
2014-08-04 04:16:14 Warning: Warning (512): <span style="color:Red;text-align:left"><b>SQL Error:</b> 1062: Duplicate entry '22' for key 'PRIMARY'</span> in [E:\xampp\htdocs\freemobiweb.mobi\cake\libs\model\datasources\dbo_source.php, line 684]
2014-08-04 04:16:14 Warning: Warning (512): <span style="color:Red;text-align:left"><b>SQL Error:</b> 1062: Duplicate entry '5' for key 'PRIMARY'</span> in [E:\xampp\htdocs\freemobiweb.mobi\cake\libs\model\datasources\dbo_source.php, line 684]
2014-08-04 04:16:14 Warning: Warning (512): <span style="color:Red;text-align:left"><b>SQL Error:</b> 1062: Duplicate entry '52' for key 'PRIMARY'</span> in [E:\xampp\htdocs\freemobiweb.mobi\cake\libs\model\datasources\dbo_source.php, line 684]
2014-08-04 04:16:14 Warning: Warning (512): <span style="color:Red;text-align:left"><b>SQL Error:</b> 1062: Duplicate entry '135' for key 'PRIMARY'</span> in [E:\xampp\htdocs\freemobiweb.mobi\cake\libs\model\datasources\dbo_source.php, line 684]
2014-08-04 04:16:14 Warning: Warning (512): <span style="color:Red;text-align:left"><b>SQL Error:</b> 1062: Duplicate entry '115' for key 'PRIMARY'</span> in [E:\xampp\htdocs\freemobiweb.mobi\cake\libs\model\datasources\dbo_source.php, line 684]
2014-08-04 04:16:14 Warning: Warning (512): <span style="color:Red;text-align:left"><b>SQL Error:</b> 1062: Duplicate entry '19' for key 'PRIMARY'</span> in [E:\xampp\htdocs\freemobiweb.mobi\cake\libs\model\datasources\dbo_source.php, line 684]
2014-08-04 04:16:14 Warning: Warning (512): <span style="color:Red;text-align:left"><b>SQL Error:</b> 1062: Duplicate entry '211' for key 'PRIMARY'</span> in [E:\xampp\htdocs\freemobiweb.mobi\cake\libs\model\datasources\dbo_source.php, line 684]
2014-08-04 04:16:14 Warning: Warning (512): <span style="color:Red;text-align:left"><b>SQL Error:</b> 1062: Duplicate entry '20' for key 'PRIMARY'</span> in [E:\xampp\htdocs\freemobiweb.mobi\cake\libs\model\datasources\dbo_source.php, line 684]
2014-08-04 04:16:14 Warning: Warning (512): <span style="color:Red;text-align:left"><b>SQL Error:</b> 1062: Duplicate entry '17' for key 'PRIMARY'</span> in [E:\xampp\htdocs\freemobiweb.mobi\cake\libs\model\datasources\dbo_source.php, line 684]
2014-08-04 04:16:14 Warning: Warning (512): <span style="color:Red;text-align:left"><b>SQL Error:</b> 1062: Duplicate entry '8' for key 'PRIMARY'</span> in [E:\xampp\htdocs\freemobiweb.mobi\cake\libs\model\datasources\dbo_source.php, line 684]
2014-08-04 04:21:32 Warning: Warning (512): <span style="color:Red;text-align:left"><b>SQL Error:</b> 1062: Duplicate entry '25' for key 'PRIMARY'</span> in [E:\xampp\htdocs\freemobiweb.mobi\cake\libs\model\datasources\dbo_source.php, line 684]
2014-08-04 04:21:32 Warning: Warning (512): <span style="color:Red;text-align:left"><b>SQL Error:</b> 1062: Duplicate entry '204' for key 'PRIMARY'</span> in [E:\xampp\htdocs\freemobiweb.mobi\cake\libs\model\datasources\dbo_source.php, line 684]
2014-08-04 04:21:32 Warning: Warning (512): <span style="color:Red;text-align:left"><b>SQL Error:</b> 1062: Duplicate entry '1' for key 'PRIMARY'</span> in [E:\xampp\htdocs\freemobiweb.mobi\cake\libs\model\datasources\dbo_source.php, line 684]
2014-08-04 04:21:32 Warning: Warning (512): <span style="color:Red;text-align:left"><b>SQL Error:</b> 1062: Duplicate entry '146' for key 'PRIMARY'</span> in [E:\xampp\htdocs\freemobiweb.mobi\cake\libs\model\datasources\dbo_source.php, line 684]
2014-08-04 04:21:32 Warning: Warning (512): <span style="color:Red;text-align:left"><b>SQL Error:</b> 1062: Duplicate entry '11' for key 'PRIMARY'</span> in [E:\xampp\htdocs\freemobiweb.mobi\cake\libs\model\datasources\dbo_source.php, line 684]
2014-08-04 04:21:32 Warning: Warning (512): <span style="color:Red;text-align:left"><b>SQL Error:</b> 1062: Duplicate entry '67' for key 'PRIMARY'</span> in [E:\xampp\htdocs\freemobiweb.mobi\cake\libs\model\datasources\dbo_source.php, line 684]
2014-08-04 04:21:32 Warning: Warning (512): <span style="color:Red;text-align:left"><b>SQL Error:</b> 1062: Duplicate entry '4' for key 'PRIMARY'</span> in [E:\xampp\htdocs\freemobiweb.mobi\cake\libs\model\datasources\dbo_source.php, line 684]
2014-08-04 04:21:32 Warning: Warning (512): <span style="color:Red;text-align:left"><b>SQL Error:</b> 1062: Duplicate entry '7' for key 'PRIMARY'</span> in [E:\xampp\htdocs\freemobiweb.mobi\cake\libs\model\datasources\dbo_source.php, line 684]
2014-08-04 04:21:32 Warning: Warning (512): <span style="color:Red;text-align:left"><b>SQL Error:</b> 1062: Duplicate entry '22' for key 'PRIMARY'</span> in [E:\xampp\htdocs\freemobiweb.mobi\cake\libs\model\datasources\dbo_source.php, line 684]
2014-08-04 04:21:32 Warning: Warning (512): <span style="color:Red;text-align:left"><b>SQL Error:</b> 1062: Duplicate entry '5' for key 'PRIMARY'</span> in [E:\xampp\htdocs\freemobiweb.mobi\cake\libs\model\datasources\dbo_source.php, line 684]
2014-08-04 04:21:32 Warning: Warning (512): <span style="color:Red;text-align:left"><b>SQL Error:</b> 1062: Duplicate entry '52' for key 'PRIMARY'</span> in [E:\xampp\htdocs\freemobiweb.mobi\cake\libs\model\datasources\dbo_source.php, line 684]
2014-08-04 04:21:32 Warning: Warning (512): <span style="color:Red;text-align:left"><b>SQL Error:</b> 1062: Duplicate entry '135' for key 'PRIMARY'</span> in [E:\xampp\htdocs\freemobiweb.mobi\cake\libs\model\datasources\dbo_source.php, line 684]
2014-08-04 04:21:32 Warning: Warning (512): <span style="color:Red;text-align:left"><b>SQL Error:</b> 1062: Duplicate entry '115' for key 'PRIMARY'</span> in [E:\xampp\htdocs\freemobiweb.mobi\cake\libs\model\datasources\dbo_source.php, line 684]
2014-08-04 04:21:32 Warning: Warning (512): <span style="color:Red;text-align:left"><b>SQL Error:</b> 1062: Duplicate entry '19' for key 'PRIMARY'</span> in [E:\xampp\htdocs\freemobiweb.mobi\cake\libs\model\datasources\dbo_source.php, line 684]
2014-08-04 04:21:32 Warning: Warning (512): <span style="color:Red;text-align:left"><b>SQL Error:</b> 1062: Duplicate entry '211' for key 'PRIMARY'</span> in [E:\xampp\htdocs\freemobiweb.mobi\cake\libs\model\datasources\dbo_source.php, line 684]
2014-08-04 04:21:32 Warning: Warning (512): <span style="color:Red;text-align:left"><b>SQL Error:</b> 1062: Duplicate entry '20' for key 'PRIMARY'</span> in [E:\xampp\htdocs\freemobiweb.mobi\cake\libs\model\datasources\dbo_source.php, line 684]
2014-08-04 04:21:32 Warning: Warning (512): <span style="color:Red;text-align:left"><b>SQL Error:</b> 1062: Duplicate entry '17' for key 'PRIMARY'</span> in [E:\xampp\htdocs\freemobiweb.mobi\cake\libs\model\datasources\dbo_source.php, line 684]
2014-08-04 04:21:32 Warning: Warning (512): <span style="color:Red;text-align:left"><b>SQL Error:</b> 1062: Duplicate entry '8' for key 'PRIMARY'</span> in [E:\xampp\htdocs\freemobiweb.mobi\cake\libs\model\datasources\dbo_source.php, line 684]
2014-08-04 08:13:23 Warning: Warning (2): mkdir() [<a href='http://php.net/function.mkdir'>function.mkdir</a>]: File exists in [E:\xampp\htdocs\freemobiweb.mobi\app\controllers\moreuse_controller.php, line 3403]
2014-08-04 08:44:31 Warning: Warning (2): Invalid argument supplied for foreach() in [E:\xampp\htdocs\freemobiweb.mobi\app\controllers\testcreatwebsite001_controller.php, line 477]
2014-08-04 08:44:35 Warning: Warning (2): Invalid argument supplied for foreach() in [E:\xampp\htdocs\freemobiweb.mobi\app\controllers\testcreatwebsite001_controller.php, line 477]
2014-08-04 09:27:18 Error: Fatal Error (256): ConnectionManager::loadDataSource - Unable to import DataSource class .DboCake\database\driver\mysql in [E:\xampp\htdocs\freemobiweb.mobi\cake\libs\model\connection_manager.php, line 185]
2014-08-04 11:36:34 Warning: Warning (2): require_once(/freemobileweb.mobi/app/Config/database.php) [<a href='http://php.net/function.require-once'>function.require-once</a>]: failed to open stream: No such file or directory in [E:\xampp\htdocs\freemobiweb.mobi\app\controllers\testcreatwebsite001_controller.php, line 524]
2014-08-04 11:36:50 Warning: Warning (2): require_once(freemobileweb.mobi/app/Config/database.php) [<a href='http://php.net/function.require-once'>function.require-once</a>]: failed to open stream: No such file or directory in [E:\xampp\htdocs\freemobiweb.mobi\app\controllers\testcreatwebsite001_controller.php, line 524]
2014-08-04 11:55:07 Warning: Warning (2): Invalid argument supplied for foreach() in [E:\xampp\htdocs\freemobiweb.mobi\app\views\elements\themeshop\home\left.ctp, line 120]
2014-08-04 11:55:07 Error: Fatal Error (256): ConnectionManager::getDataSource - Non-existent data source  in [E:\xampp\htdocs\freemobiweb.mobi\cake\libs\model\connection_manager.php, line 102]
2014-08-04 12:03:52 Warning: Warning (2): Invalid argument supplied for foreach() in [E:\xampp\htdocs\freemobiweb.mobi\app\views\elements\themeshop\home\left.ctp, line 120]
2014-08-04 12:03:52 Error: Fatal Error (256): ConnectionManager::getDataSource - Non-existent data source  in [E:\xampp\htdocs\freemobiweb.mobi\cake\libs\model\connection_manager.php, line 102]
2014-08-04 12:04:12 Warning: Warning (2): Invalid argument supplied for foreach() in [E:\xampp\htdocs\freemobiweb.mobi\app\views\elements\themeshop\home\left.ctp, line 120]
2014-08-04 12:04:13 Error: Fatal Error (256): ConnectionManager::getDataSource - Non-existent data source  in [E:\xampp\htdocs\freemobiweb.mobi\cake\libs\model\connection_manager.php, line 102]
2014-08-04 12:16:54 Warning: Warning (2): Invalid argument supplied for foreach() in [E:\xampp\htdocs\freemobiweb.mobi\app\controllers\testcreatwebsite001_controller.php, line 312]
2014-08-04 12:16:55 Error: Fatal Error (256): ConnectionManager::getDataSource - Non-existent data source  in [E:\xampp\htdocs\freemobiweb.mobi\cake\libs\model\connection_manager.php, line 102]
2014-08-04 12:20:18 Warning: Warning (2): Invalid argument supplied for foreach() in [E:\xampp\htdocs\freemobiweb.mobi\app\views\elements\themeshop\home\left.ctp, line 124]
2014-08-04 12:20:18 Warning: Warning (2): Invalid argument supplied for foreach() in [E:\xampp\htdocs\freemobiweb.mobi\app\controllers\testcreatwebsite001_controller.php, line 312]
2014-08-04 12:20:18 Error: Fatal Error (256): ConnectionManager::getDataSource - Non-existent data source  in [E:\xampp\htdocs\freemobiweb.mobi\cake\libs\model\connection_manager.php, line 102]
2014-08-04 12:20:55 Warning: Warning (2): Invalid argument supplied for foreach() in [E:\xampp\htdocs\freemobiweb.mobi\app\controllers\testcreatwebsite001_controller.php, line 312]
2014-08-04 12:20:55 Error: Fatal Error (256): ConnectionManager::getDataSource - Non-existent data source  in [E:\xampp\htdocs\freemobiweb.mobi\cake\libs\model\connection_manager.php, line 102]
2014-08-04 12:24:50 Error: Fatal Error (256): ConnectionManager::getDataSource - Non-existent data source  in [E:\xampp\htdocs\freemobiweb.mobi\cake\libs\model\connection_manager.php, line 102]
2014-08-04 12:34:19 Warning: Warning (2): Invalid argument supplied for foreach() in [E:\xampp\htdocs\freemobiweb.mobi\app\views\elements\themeshop\home\left.ctp, line 124]
2014-08-04 12:34:19 Error: Fatal Error (256): ConnectionManager::getDataSource - Non-existent data source  in [E:\xampp\htdocs\freemobiweb.mobi\cake\libs\model\connection_manager.php, line 102]
2014-08-04 12:35:30 Warning: Warning (2): Invalid argument supplied for foreach() in [E:\xampp\htdocs\freemobiweb.mobi\app\controllers\testcreatwebsite001_controller.php, line 522]
2014-08-04 12:35:30 Warning: Warning (2): Invalid argument supplied for foreach() in [E:\xampp\htdocs\freemobiweb.mobi\app\controllers\testcreatwebsite001_controller.php, line 580]
2014-08-04 12:35:31 Warning: Warning (2): Invalid argument supplied for foreach() in [E:\xampp\htdocs\freemobiweb.mobi\app\views\elements\themeshop\home\left.ctp, line 124]
2014-08-04 12:35:31 Warning: Warning (2): Invalid argument supplied for foreach() in [E:\xampp\htdocs\freemobiweb.mobi\app\views\elements\themeshop\home\left.ctp, line 239]
2014-08-04 12:35:34 Warning: Warning (2): Invalid argument supplied for foreach() in [E:\xampp\htdocs\freemobiweb.mobi\app\controllers\testcreatwebsite001_controller.php, line 522]
2014-08-04 12:35:34 Warning: Warning (2): Invalid argument supplied for foreach() in [E:\xampp\htdocs\freemobiweb.mobi\app\controllers\testcreatwebsite001_controller.php, line 580]
2014-08-04 12:35:34 Warning: Warning (2): Invalid argument supplied for foreach() in [E:\xampp\htdocs\freemobiweb.mobi\app\views\elements\themeshop\home\left.ctp, line 124]
2014-08-04 12:35:34 Warning: Warning (2): Invalid argument supplied for foreach() in [E:\xampp\htdocs\freemobiweb.mobi\app\views\elements\themeshop\home\left.ctp, line 239]
2014-08-04 12:37:50 Warning: Warning (2): Invalid argument supplied for foreach() in [E:\xampp\htdocs\freemobiweb.mobi\app\controllers\testcreatwebsite001_controller.php, line 522]
2014-08-04 12:37:50 Warning: Warning (2): Invalid argument supplied for foreach() in [E:\xampp\htdocs\freemobiweb.mobi\app\controllers\testcreatwebsite001_controller.php, line 580]
2014-08-04 12:38:00 Warning: Warning (2): Invalid argument supplied for foreach() in [E:\xampp\htdocs\freemobiweb.mobi\app\controllers\testcreatwebsite001_controller.php, line 522]
2014-08-04 12:38:00 Warning: Warning (2): Invalid argument supplied for foreach() in [E:\xampp\htdocs\freemobiweb.mobi\app\controllers\testcreatwebsite001_controller.php, line 580]
2014-08-04 12:38:00 Warning: Warning (2): Invalid argument supplied for foreach() in [E:\xampp\htdocs\freemobiweb.mobi\app\views\elements\themeshop\home\left.ctp, line 124]
2014-08-04 12:38:00 Warning: Warning (2): Invalid argument supplied for foreach() in [E:\xampp\htdocs\freemobiweb.mobi\app\views\elements\themeshop\home\left.ctp, line 239]
2014-08-04 12:38:04 Warning: Warning (2): Invalid argument supplied for foreach() in [E:\xampp\htdocs\freemobiweb.mobi\app\controllers\testcreatwebsite001_controller.php, line 522]
2014-08-04 12:38:04 Warning: Warning (2): Invalid argument supplied for foreach() in [E:\xampp\htdocs\freemobiweb.mobi\app\controllers\testcreatwebsite001_controller.php, line 580]
2014-08-04 12:38:05 Warning: Warning (2): Invalid argument supplied for foreach() in [E:\xampp\htdocs\freemobiweb.mobi\app\views\elements\themeshop\home\left.ctp, line 124]
2014-08-04 12:38:05 Warning: Warning (2): Invalid argument supplied for foreach() in [E:\xampp\htdocs\freemobiweb.mobi\app\views\elements\themeshop\home\left.ctp, line 239]
2014-08-04 12:39:12 Warning: Warning (2): Invalid argument supplied for foreach() in [E:\xampp\htdocs\freemobiweb.mobi\app\controllers\testcreatwebsite001_controller.php, line 522]
2014-08-04 12:39:12 Warning: Warning (2): Invalid argument supplied for foreach() in [E:\xampp\htdocs\freemobiweb.mobi\app\controllers\testcreatwebsite001_controller.php, line 580]
2014-08-04 12:39:13 Warning: Warning (2): Invalid argument supplied for foreach() in [E:\xampp\htdocs\freemobiweb.mobi\app\views\elements\themeshop\home\left.ctp, line 124]
2014-08-04 12:39:13 Warning: Warning (2): Invalid argument supplied for foreach() in [E:\xampp\htdocs\freemobiweb.mobi\app\views\elements\themeshop\home\left.ctp, line 239]
2014-08-04 12:39:16 Warning: Warning (2): Invalid argument supplied for foreach() in [E:\xampp\htdocs\freemobiweb.mobi\app\controllers\testcreatwebsite001_controller.php, line 522]
2014-08-04 12:39:16 Warning: Warning (2): Invalid argument supplied for foreach() in [E:\xampp\htdocs\freemobiweb.mobi\app\controllers\testcreatwebsite001_controller.php, line 580]
2014-08-04 12:39:17 Warning: Warning (2): Invalid argument supplied for foreach() in [E:\xampp\htdocs\freemobiweb.mobi\app\views\elements\themeshop\home\left.ctp, line 124]
2014-08-04 12:39:17 Warning: Warning (2): Invalid argument supplied for foreach() in [E:\xampp\htdocs\freemobiweb.mobi\app\views\elements\themeshop\home\left.ctp, line 239]
2014-08-04 13:22:48 Warning: Warning (2): Invalid argument supplied for foreach() in [E:\xampp\htdocs\freemobiweb.mobi\app\controllers\testcreatwebsite001_controller.php, line 522]
2014-08-04 13:22:49 Warning: Warning (2): Invalid argument supplied for foreach() in [E:\xampp\htdocs\freemobiweb.mobi\app\controllers\testcreatwebsite001_controller.php, line 580]
2014-08-04 13:22:49 Warning: Warning (2): Invalid argument supplied for foreach() in [E:\xampp\htdocs\freemobiweb.mobi\app\views\elements\themeshop\home\left.ctp, line 124]
2014-08-04 13:22:49 Warning: Warning (2): Invalid argument supplied for foreach() in [E:\xampp\htdocs\freemobiweb.mobi\app\views\elements\themeshop\home\left.ctp, line 239]
2014-08-04 13:22:55 Warning: Warning (2): Invalid argument supplied for foreach() in [E:\xampp\htdocs\freemobiweb.mobi\app\controllers\testcreatwebsite001_controller.php, line 522]
2014-08-04 13:22:55 Warning: Warning (2): Invalid argument supplied for foreach() in [E:\xampp\htdocs\freemobiweb.mobi\app\controllers\testcreatwebsite001_controller.php, line 580]
2014-08-04 13:22:55 Warning: Warning (2): Invalid argument supplied for foreach() in [E:\xampp\htdocs\freemobiweb.mobi\app\views\elements\themeshop\home\left.ctp, line 124]
2014-08-04 13:22:55 Warning: Warning (2): Invalid argument supplied for foreach() in [E:\xampp\htdocs\freemobiweb.mobi\app\views\elements\themeshop\home\left.ctp, line 239]
2014-08-04 13:23:06 Warning: Warning (2): Invalid argument supplied for foreach() in [E:\xampp\htdocs\freemobiweb.mobi\app\controllers\testcreatwebsite001_controller.php, line 522]
2014-08-04 13:23:06 Warning: Warning (2): Invalid argument supplied for foreach() in [E:\xampp\htdocs\freemobiweb.mobi\app\controllers\testcreatwebsite001_controller.php, line 580]
2014-08-04 13:23:06 Warning: Warning (2): Invalid argument supplied for foreach() in [E:\xampp\htdocs\freemobiweb.mobi\app\views\elements\themeshop\home\left.ctp, line 124]
2014-08-04 13:23:06 Warning: Warning (2): Invalid argument supplied for foreach() in [E:\xampp\htdocs\freemobiweb.mobi\app\views\elements\themeshop\home\left.ctp, line 239]
2014-08-04 13:24:35 Warning: Warning (2): Invalid argument supplied for foreach() in [E:\xampp\htdocs\freemobiweb.mobi\app\controllers\testcreatwebsite001_controller.php, line 522]
2014-08-04 13:24:36 Warning: Warning (2): Invalid argument supplied for foreach() in [E:\xampp\htdocs\freemobiweb.mobi\app\views\elements\themeshop\home\left.ctp, line 124]
2014-08-04 13:24:36 Warning: Warning (2): Invalid argument supplied for foreach() in [E:\xampp\htdocs\freemobiweb.mobi\app\views\elements\themeshop\home\left.ctp, line 239]
2014-08-04 13:24:39 Warning: Warning (2): Invalid argument supplied for foreach() in [E:\xampp\htdocs\freemobiweb.mobi\app\controllers\testcreatwebsite001_controller.php, line 522]
2014-08-04 13:24:40 Warning: Warning (2): Invalid argument supplied for foreach() in [E:\xampp\htdocs\freemobiweb.mobi\app\views\elements\themeshop\home\left.ctp, line 124]
2014-08-04 13:24:40 Warning: Warning (2): Invalid argument supplied for foreach() in [E:\xampp\htdocs\freemobiweb.mobi\app\views\elements\themeshop\home\left.ctp, line 239]
2014-08-04 13:25:56 Warning: Warning (2): Invalid argument supplied for foreach() in [E:\xampp\htdocs\freemobiweb.mobi\app\views\elements\themeshop\home\left.ctp, line 124]
2014-08-04 13:25:56 Warning: Warning (2): Invalid argument supplied for foreach() in [E:\xampp\htdocs\freemobiweb.mobi\app\views\elements\themeshop\home\left.ctp, line 239]
2014-08-04 13:25:59 Warning: Warning (2): Invalid argument supplied for foreach() in [E:\xampp\htdocs\freemobiweb.mobi\app\views\elements\themeshop\home\left.ctp, line 124]
2014-08-04 13:25:59 Warning: Warning (2): Invalid argument supplied for foreach() in [E:\xampp\htdocs\freemobiweb.mobi\app\views\elements\themeshop\home\left.ctp, line 239]
2014-08-04 13:33:09 Warning: Warning (2): Missing argument 1 for Testcreatwebsite001Controller::danhmuc() in [E:\xampp\htdocs\freemobiweb.mobi\app\controllers\testcreatwebsite001_controller.php, line 308]
2014-08-04 13:33:09 Warning: Warning (2): Invalid argument supplied for foreach() in [E:\xampp\htdocs\freemobiweb.mobi\app\views\elements\themeshop\home\left.ctp, line 117]
2014-08-04 13:33:09 Warning: Warning (2): Invalid argument supplied for foreach() in [E:\xampp\htdocs\freemobiweb.mobi\app\views\elements\themeshop\home\left.ctp, line 232]
2014-08-04 13:33:13 Warning: Warning (2): Missing argument 1 for Testcreatwebsite001Controller::danhmuc() in [E:\xampp\htdocs\freemobiweb.mobi\app\controllers\testcreatwebsite001_controller.php, line 308]
2014-08-04 13:33:13 Warning: Warning (2): Invalid argument supplied for foreach() in [E:\xampp\htdocs\freemobiweb.mobi\app\views\elements\themeshop\home\left.ctp, line 117]
2014-08-04 13:33:13 Warning: Warning (2): Invalid argument supplied for foreach() in [E:\xampp\htdocs\freemobiweb.mobi\app\views\elements\themeshop\home\left.ctp, line 232]
2014-08-04 14:51:19 Warning: Warning (2): Invalid argument supplied for foreach() in [E:\xampp\htdocs\freemobiweb.mobi\app\views\elements\themeshop\home\left.ctp, line 234]
2014-08-04 14:51:24 Warning: Warning (2): Invalid argument supplied for foreach() in [E:\xampp\htdocs\freemobiweb.mobi\app\views\elements\themeshop\home\left.ctp, line 234]
2014-08-04 14:53:20 Warning: Warning (2): Invalid argument supplied for foreach() in [E:\xampp\htdocs\freemobiweb.mobi\app\views\elements\themeshop\home\left.ctp, line 234]
2014-08-04 14:53:24 Warning: Warning (2): Invalid argument supplied for foreach() in [E:\xampp\htdocs\freemobiweb.mobi\app\views\elements\themeshop\home\left.ctp, line 234]
2014-08-04 15:33:43 Warning: Warning (2): Invalid argument supplied for foreach() in [E:\xampp\htdocs\freemobiweb.mobi\app\controllers\testcreatwebsite001_controller.php, line 1686]
2014-08-04 15:33:46 Warning: Warning (2): Invalid argument supplied for foreach() in [E:\xampp\htdocs\freemobiweb.mobi\app\views\elements\themeshop\home\left.ctp, line 234]
2014-08-04 15:33:53 Warning: Warning (2): Invalid argument supplied for foreach() in [E:\xampp\htdocs\freemobiweb.mobi\app\controllers\testcreatwebsite001_controller.php, line 1686]
2014-08-04 15:33:55 Warning: Warning (2): Invalid argument supplied for foreach() in [E:\xampp\htdocs\freemobiweb.mobi\app\views\elements\themeshop\home\left.ctp, line 234]
2014-08-04 15:34:01 Warning: Warning (2): Invalid argument supplied for foreach() in [E:\xampp\htdocs\freemobiweb.mobi\app\controllers\testcreatwebsite001_controller.php, line 1686]
2014-08-04 15:34:02 Warning: Warning (2): Invalid argument supplied for foreach() in [E:\xampp\htdocs\freemobiweb.mobi\app\views\elements\themeshop\home\left.ctp, line 234]
2014-08-04 15:34:06 Warning: Warning (2): Invalid argument supplied for foreach() in [E:\xampp\htdocs\freemobiweb.mobi\app\controllers\testcreatwebsite001_controller.php, line 1686]
2014-08-04 15:34:07 Warning: Warning (2): Invalid argument supplied for foreach() in [E:\xampp\htdocs\freemobiweb.mobi\app\views\elements\themeshop\home\left.ctp, line 234]
2014-08-04 17:51:20 Warning: Warning (512): <span style="color:Red;text-align:left"><b>SQL Error:</b> 1064: You have an error in your SQL syntax; check the manual that corresponds to your MySQL server version for the right syntax to use near 'estore_catproducts.name ASC' at line 3</span> in [E:\xampp\htdocs\freemobiweb.mobi\cake\libs\model\datasources\dbo_source.php, line 684]
2014-08-04 18:04:05 Error: Fatal Error (256): ConnectionManager::getDataSource - Non-existent data source  in [E:\xampp\htdocs\freemobiweb.mobi\cake\libs\model\connection_manager.php, line 102]
2014-08-04 18:04:27 Error: Fatal Error (256): ConnectionManager::getDataSource - Non-existent data source  in [E:\xampp\htdocs\freemobiweb.mobi\cake\libs\model\connection_manager.php, line 102]
2014-08-05 09:50:09 Warning: Warning (512): You can not write to a Session from the view in [E:\xampp\htdocs\freemobiweb.mobi\cake\libs\view\helpers\session.php, line 184]
2014-08-05 11:28:32 Warning: Warning (512): <span style="color:Red;text-align:left"><b>SQL Error:</b> 1054: Unknown column 'estore_catproducts.id' in 'order clause'</span> in [E:\xampp\htdocs\freemobiweb.mobi\cake\libs\model\datasources\dbo_source.php, line 684]
2014-08-05 11:29:43 Warning: Warning (512): <span style="color:Red;text-align:left"><b>SQL Error:</b> 1064: You have an error in your SQL syntax; check the manual that corresponds to your MySQL server version for the right syntax to use near ' ORDER BY  estore_news.id DESC LIMIT 6' at line 3</span> in [E:\xampp\htdocs\freemobiweb.mobi\cake\libs\model\datasources\dbo_source.php, line 684]
2014-08-05 12:08:20 Warning: Warning (512): <span style="color:Red;text-align:left"><b>SQL Error:</b> 1064: You have an error in your SQL syntax; check the manual that corresponds to your MySQL server version for the right syntax to use near 'LIMIT 10' at line 3</span> in [E:\xampp\htdocs\freemobiweb.mobi\cake\libs\model\datasources\dbo_source.php, line 684]
2014-08-05 12:08:23 Warning: Warning (512): <span style="color:Red;text-align:left"><b>SQL Error:</b> 1064: You have an error in your SQL syntax; check the manual that corresponds to your MySQL server version for the right syntax to use near 'LIMIT 10' at line 3</span> in [E:\xampp\htdocs\freemobiweb.mobi\cake\libs\model\datasources\dbo_source.php, line 684]
2014-08-05 12:10:05 Warning: Warning (512): <span style="color:Red;text-align:left"><b>SQL Error:</b> 1064: You have an error in your SQL syntax; check the manual that corresponds to your MySQL server version for the right syntax to use near 'LIMIT 10' at line 3</span> in [E:\xampp\htdocs\freemobiweb.mobi\cake\libs\model\datasources\dbo_source.php, line 684]
2014-08-05 12:10:09 Warning: Warning (512): <span style="color:Red;text-align:left"><b>SQL Error:</b> 1064: You have an error in your SQL syntax; check the manual that corresponds to your MySQL server version for the right syntax to use near 'LIMIT 10' at line 3</span> in [E:\xampp\htdocs\freemobiweb.mobi\cake\libs\model\datasources\dbo_source.php, line 684]
2014-08-05 14:18:02 Warning: Warning (512): <span style="color:Red;text-align:left"><b>SQL Error:</b> 1146: Table 'testcreatwebsite001_50000565.estore_video' doesn't exist</span> in [E:\xampp\htdocs\freemobiweb.mobi\cake\libs\model\datasources\dbo_source.php, line 684]
2014-08-05 18:15:02 Warning: Warning (512): You can not write to a Session from the view in [E:\xampp\htdocs\freemobiweb.mobi\cake\libs\view\helpers\session.php, line 184]
2014-08-05 18:15:52 Warning: Warning (512): You can not write to a Session from the view in [E:\xampp\htdocs\freemobiweb.mobi\cake\libs\view\helpers\session.php, line 184]
2014-08-05 18:19:51 Warning: Warning (512): <span style="color:Red;text-align:left"><b>SQL Error:</b> 1064: You have an error in your SQL syntax; check the manual that corresponds to your MySQL server version for the right syntax to use near ' ORDER BY  estore_categories.tt ASC' at line 3</span> in [E:\xampp\htdocs\freemobiweb.mobi\cake\libs\model\datasources\dbo_source.php, line 684]
2014-08-05 18:22:04 Warning: Warning (512): You can not write to a Session from the view in [E:\xampp\htdocs\freemobiweb.mobi\cake\libs\view\helpers\session.php, line 184]
2014-08-05 18:29:35 Warning: Warning (512): <span style="color:Red;text-align:left"><b>SQL Error:</b> 1054: Unknown column 'Estore_category.statust' in 'where clause'</span> in [E:\xampp\htdocs\freemobiweb.mobi\cake\libs\model\datasources\dbo_source.php, line 684]
2014-08-05 18:29:35 Warning: Warning (2): Invalid argument supplied for foreach() in [E:\xampp\htdocs\freemobiweb.mobi\app\views\elements\themeshop\home\menu.ctp, line 40]
2014-08-05 18:29:38 Warning: Warning (512): You can not write to a Session from the view in [E:\xampp\htdocs\freemobiweb.mobi\cake\libs\view\helpers\session.php, line 184]
2014-08-05 18:29:44 Warning: Warning (512): <span style="color:Red;text-align:left"><b>SQL Error:</b> 1054: Unknown column 'Estore_category.statust' in 'where clause'</span> in [E:\xampp\htdocs\freemobiweb.mobi\cake\libs\model\datasources\dbo_source.php, line 684]
2014-08-05 18:29:44 Warning: Warning (2): Invalid argument supplied for foreach() in [E:\xampp\htdocs\freemobiweb.mobi\app\views\elements\themeshop\home\menu.ctp, line 40]
2014-08-05 18:34:40 Warning: Warning (512): <span style="color:Red;text-align:left"><b>SQL Error:</b> 1054: Unknown column 'Estore_category.parent_idt' in 'where clause'</span> in [E:\xampp\htdocs\freemobiweb.mobi\cake\libs\model\datasources\dbo_source.php, line 684]
2014-08-05 21:13:47 Warning: Warning (2): Missing argument 3 for Testcreatwebsite001Controller::paginate(), called in E:\xampp\htdocs\freemobiweb.mobi\app\controllers\testcreatwebsite001_controller.php on line 1786 and defined in [E:\xampp\htdocs\freemobiweb.mobi\app\controllers\testcreatwebsite001_controller.php, line 1793]
2014-08-05 21:13:47 Warning: Warning (2): Missing argument 4 for Testcreatwebsite001Controller::paginate(), called in E:\xampp\htdocs\freemobiweb.mobi\app\controllers\testcreatwebsite001_controller.php on line 1786 and defined in [E:\xampp\htdocs\freemobiweb.mobi\app\controllers\testcreatwebsite001_controller.php, line 1793]
2014-08-05 21:16:08 Warning: Warning (2): Missing argument 3 for Testcreatwebsite001Controller::paginate(), called in E:\xampp\htdocs\freemobiweb.mobi\app\controllers\testcreatwebsite001_controller.php on line 1779 and defined in [E:\xampp\htdocs\freemobiweb.mobi\app\controllers\testcreatwebsite001_controller.php, line 1786]
2014-08-05 21:16:08 Warning: Warning (2): Missing argument 4 for Testcreatwebsite001Controller::paginate(), called in E:\xampp\htdocs\freemobiweb.mobi\app\controllers\testcreatwebsite001_controller.php on line 1779 and defined in [E:\xampp\htdocs\freemobiweb.mobi\app\controllers\testcreatwebsite001_controller.php, line 1786]
2014-08-05 21:20:02 Warning: Warning (512): <span style="color:Red;text-align:left"><b>SQL Error:</b> 1064: You have an error in your SQL syntax; check the manual that corresponds to your MySQL server version for the right syntax to use near '/ 										 ORDER BY `estore_news`.`id` ASC' at line 4</span> in [E:\xampp\htdocs\freemobiweb.mobi\cake\libs\model\datasources\dbo_source.php, line 684]
2014-08-05 21:20:45 Warning: Warning (512): <span style="color:Red;text-align:left"><b>SQL Error:</b> 1064: You have an error in your SQL syntax; check the manual that corresponds to your MySQL server version for the right syntax to use near '/ 										 ORDER BY `estore_news`.`id` ASC' at line 4</span> in [E:\xampp\htdocs\freemobiweb.mobi\cake\libs\model\datasources\dbo_source.php, line 684]
2014-08-05 21:20:46 Warning: Warning (2): Invalid argument supplied for foreach() in [E:\xampp\htdocs\freemobiweb.mobi\app\views\testcreatwebsite001\index.ctp, line 102]
2014-08-05 21:22:53 Warning: Warning (512): <span style="color:Red;text-align:left"><b>SQL Error:</b> 1064: You have an error in your SQL syntax; check the manual that corresponds to your MySQL server version for the right syntax to use near '/ 										 ORDER BY `estore_news`.`id` ASC' at line 4</span> in [E:\xampp\htdocs\freemobiweb.mobi\cake\libs\model\datasources\dbo_source.php, line 684]
2014-08-05 21:24:11 Warning: Warning (512): <span style="color:Red;text-align:left"><b>SQL Error:</b> 1064: You have an error in your SQL syntax; check the manual that corresponds to your MySQL server version for the right syntax to use near '/ 										 ORDER BY `estore_news`.`id` ASC' at line 4</span> in [E:\xampp\htdocs\freemobiweb.mobi\cake\libs\model\datasources\dbo_source.php, line 684]
2014-08-05 21:26:38 Warning: Warning (512): <span style="color:Red;text-align:left"><b>SQL Error:</b> 1064: You have an error in your SQL syntax; check the manual that corresponds to your MySQL server version for the right syntax to use near '/ 										 ORDER BY `estore_news`.`id` ASC' at line 4</span> in [E:\xampp\htdocs\freemobiweb.mobi\cake\libs\model\datasources\dbo_source.php, line 684]
2014-08-05 21:27:27 Warning: Warning (512): <span style="color:Red;text-align:left"><b>SQL Error:</b> 1064: You have an error in your SQL syntax; check the manual that corresponds to your MySQL server version for the right syntax to use near '/ 										 ORDER BY `estore_news`.`id` ASC' at line 4</span> in [E:\xampp\htdocs\freemobiweb.mobi\cake\libs\model\datasources\dbo_source.php, line 684]
2014-08-05 21:27:50 Warning: Warning (512): <span style="color:Red;text-align:left"><b>SQL Error:</b> 1064: You have an error in your SQL syntax; check the manual that corresponds to your MySQL server version for the right syntax to use near '/ 										 ORDER BY estore_news.id ASC' at line 4</span> in [E:\xampp\htdocs\freemobiweb.mobi\cake\libs\model\datasources\dbo_source.php, line 684]
2014-08-05 21:35:48 Warning: Warning (512): <span style="color:Red;text-align:left"><b>SQL Error:</b> 1064: You have an error in your SQL syntax; check the manual that corresponds to your MySQL server version for the right syntax to use near '// ORDER BY estore_news.id ASC' at line 4</span> in [E:\xampp\htdocs\freemobiweb.mobi\cake\libs\model\datasources\dbo_source.php, line 684]
2014-08-05 21:35:48 Warning: Warning (2): Invalid argument supplied for foreach() in [E:\xampp\htdocs\freemobiweb.mobi\app\views\testcreatwebsite001\listnews.ctp, line 16]
2014-08-05 21:50:35 Warning: Warning (512): <span style="color:Red;text-align:left"><b>SQL Error:</b> 1064: You have an error in your SQL syntax; check the manual that corresponds to your MySQL server version for the right syntax to use near 'ORDER BY estore_news.id ASC' at line 4</span> in [E:\xampp\htdocs\freemobiweb.mobi\cake\libs\model\datasources\dbo_source.php, line 684]
2014-08-05 22:13:36 Warning: Warning (2): Missing argument 1 for Testcreatwebsite001Controller::paginate(), called in E:\xampp\htdocs\freemobiweb.mobi\app\controllers\testcreatwebsite001_controller.php on line 1786 and defined in [E:\xampp\htdocs\freemobiweb.mobi\app\controllers\testcreatwebsite001_controller.php, line 1802]
2014-08-05 22:13:36 Warning: Warning (2): Missing argument 2 for Testcreatwebsite001Controller::paginate(), called in E:\xampp\htdocs\freemobiweb.mobi\app\controllers\testcreatwebsite001_controller.php on line 1786 and defined in [E:\xampp\htdocs\freemobiweb.mobi\app\controllers\testcreatwebsite001_controller.php, line 1802]
2014-08-05 22:13:36 Warning: Warning (2): Missing argument 3 for Testcreatwebsite001Controller::paginate(), called in E:\xampp\htdocs\freemobiweb.mobi\app\controllers\testcreatwebsite001_controller.php on line 1786 and defined in [E:\xampp\htdocs\freemobiweb.mobi\app\controllers\testcreatwebsite001_controller.php, line 1802]
2014-08-05 22:13:36 Warning: Warning (2): Missing argument 4 for Testcreatwebsite001Controller::paginate(), called in E:\xampp\htdocs\freemobiweb.mobi\app\controllers\testcreatwebsite001_controller.php on line 1786 and defined in [E:\xampp\htdocs\freemobiweb.mobi\app\controllers\testcreatwebsite001_controller.php, line 1802]
2014-08-05 22:13:37 Warning: Warning (512): <span style="color:Red;text-align:left"><b>SQL Error:</b> 1064: You have an error in your SQL syntax; check the manual that corresponds to your MySQL server version for the right syntax to use near 'ORDER BY estore_news.id ASC' at line 4</span> in [E:\xampp\htdocs\freemobiweb.mobi\cake\libs\model\datasources\dbo_source.php, line 684]
2014-08-05 22:13:37 Warning: Warning (2): Missing argument 1 for Testcreatwebsite001Controller::paginate(), called in E:\xampp\htdocs\freemobiweb.mobi\app\controllers\testcreatwebsite001_controller.php on line 1787 and defined in [E:\xampp\htdocs\freemobiweb.mobi\app\controllers\testcreatwebsite001_controller.php, line 1802]
2014-08-05 22:13:37 Warning: Warning (2): Missing argument 2 for Testcreatwebsite001Controller::paginate(), called in E:\xampp\htdocs\freemobiweb.mobi\app\controllers\testcreatwebsite001_controller.php on line 1787 and defined in [E:\xampp\htdocs\freemobiweb.mobi\app\controllers\testcreatwebsite001_controller.php, line 1802]
2014-08-05 22:13:37 Warning: Warning (2): Missing argument 3 for Testcreatwebsite001Controller::paginate(), called in E:\xampp\htdocs\freemobiweb.mobi\app\controllers\testcreatwebsite001_controller.php on line 1787 and defined in [E:\xampp\htdocs\freemobiweb.mobi\app\controllers\testcreatwebsite001_controller.php, line 1802]
2014-08-05 22:13:37 Warning: Warning (2): Missing argument 4 for Testcreatwebsite001Controller::paginate(), called in E:\xampp\htdocs\freemobiweb.mobi\app\controllers\testcreatwebsite001_controller.php on line 1787 and defined in [E:\xampp\htdocs\freemobiweb.mobi\app\controllers\testcreatwebsite001_controller.php, line 1802]
2014-08-05 22:13:37 Warning: Warning (512): <span style="color:Red;text-align:left"><b>SQL Error:</b> 1064: You have an error in your SQL syntax; check the manual that corresponds to your MySQL server version for the right syntax to use near '' at line 3</span> in [E:\xampp\htdocs\freemobiweb.mobi\cake\libs\model\datasources\dbo_source.php, line 684]
2014-08-05 22:13:37 Warning: Warning (2): Invalid argument supplied for foreach() in [E:\xampp\htdocs\freemobiweb.mobi\app\views\testcreatwebsite001\listnews.ctp, line 16]
2014-08-05 22:18:06 Warning: Warning (2): Missing argument 1 for Testcreatwebsite001Controller::paginate(), called in E:\xampp\htdocs\freemobiweb.mobi\app\controllers\testcreatwebsite001_controller.php on line 1786 and defined in [E:\xampp\htdocs\freemobiweb.mobi\app\controllers\testcreatwebsite001_controller.php, line 1802]
2014-08-05 22:18:06 Warning: Warning (2): Missing argument 2 for Testcreatwebsite001Controller::paginate(), called in E:\xampp\htdocs\freemobiweb.mobi\app\controllers\testcreatwebsite001_controller.php on line 1786 and defined in [E:\xampp\htdocs\freemobiweb.mobi\app\controllers\testcreatwebsite001_controller.php, line 1802]
2014-08-05 22:18:06 Warning: Warning (2): Missing argument 3 for Testcreatwebsite001Controller::paginate(), called in E:\xampp\htdocs\freemobiweb.mobi\app\controllers\testcreatwebsite001_controller.php on line 1786 and defined in [E:\xampp\htdocs\freemobiweb.mobi\app\controllers\testcreatwebsite001_controller.php, line 1802]
2014-08-05 22:18:06 Warning: Warning (2): Missing argument 4 for Testcreatwebsite001Controller::paginate(), called in E:\xampp\htdocs\freemobiweb.mobi\app\controllers\testcreatwebsite001_controller.php on line 1786 and defined in [E:\xampp\htdocs\freemobiweb.mobi\app\controllers\testcreatwebsite001_controller.php, line 1802]
2014-08-05 22:18:06 Warning: Warning (512): <span style="color:Red;text-align:left"><b>SQL Error:</b> 1064: You have an error in your SQL syntax; check the manual that corresponds to your MySQL server version for the right syntax to use near 'ORDER BY estore_news.id ASC' at line 4</span> in [E:\xampp\htdocs\freemobiweb.mobi\cake\libs\model\datasources\dbo_source.php, line 684]
2014-08-05 22:18:06 Warning: Warning (2): Missing argument 1 for Testcreatwebsite001Controller::paginate(), called in E:\xampp\htdocs\freemobiweb.mobi\app\controllers\testcreatwebsite001_controller.php on line 1787 and defined in [E:\xampp\htdocs\freemobiweb.mobi\app\controllers\testcreatwebsite001_controller.php, line 1802]
2014-08-05 22:18:06 Warning: Warning (2): Missing argument 2 for Testcreatwebsite001Controller::paginate(), called in E:\xampp\htdocs\freemobiweb.mobi\app\controllers\testcreatwebsite001_controller.php on line 1787 and defined in [E:\xampp\htdocs\freemobiweb.mobi\app\controllers\testcreatwebsite001_controller.php, line 1802]
2014-08-05 22:18:06 Warning: Warning (2): Missing argument 3 for Testcreatwebsite001Controller::paginate(), called in E:\xampp\htdocs\freemobiweb.mobi\app\controllers\testcreatwebsite001_controller.php on line 1787 and defined in [E:\xampp\htdocs\freemobiweb.mobi\app\controllers\testcreatwebsite001_controller.php, line 1802]
2014-08-05 22:18:06 Warning: Warning (2): Missing argument 4 for Testcreatwebsite001Controller::paginate(), called in E:\xampp\htdocs\freemobiweb.mobi\app\controllers\testcreatwebsite001_controller.php on line 1787 and defined in [E:\xampp\htdocs\freemobiweb.mobi\app\controllers\testcreatwebsite001_controller.php, line 1802]
2014-08-05 22:18:16 Warning: Warning (2): Missing argument 1 for Testcreatwebsite001Controller::paginate(), called in E:\xampp\htdocs\freemobiweb.mobi\app\controllers\testcreatwebsite001_controller.php on line 1786 and defined in [E:\xampp\htdocs\freemobiweb.mobi\app\controllers\testcreatwebsite001_controller.php, line 1802]
2014-08-05 22:18:16 Warning: Warning (2): Missing argument 2 for Testcreatwebsite001Controller::paginate(), called in E:\xampp\htdocs\freemobiweb.mobi\app\controllers\testcreatwebsite001_controller.php on line 1786 and defined in [E:\xampp\htdocs\freemobiweb.mobi\app\controllers\testcreatwebsite001_controller.php, line 1802]
2014-08-05 22:18:16 Warning: Warning (2): Missing argument 3 for Testcreatwebsite001Controller::paginate(), called in E:\xampp\htdocs\freemobiweb.mobi\app\controllers\testcreatwebsite001_controller.php on line 1786 and defined in [E:\xampp\htdocs\freemobiweb.mobi\app\controllers\testcreatwebsite001_controller.php, line 1802]
2014-08-05 22:18:16 Warning: Warning (2): Missing argument 4 for Testcreatwebsite001Controller::paginate(), called in E:\xampp\htdocs\freemobiweb.mobi\app\controllers\testcreatwebsite001_controller.php on line 1786 and defined in [E:\xampp\htdocs\freemobiweb.mobi\app\controllers\testcreatwebsite001_controller.php, line 1802]
2014-08-05 22:18:16 Warning: Warning (512): <span style="color:Red;text-align:left"><b>SQL Error:</b> 1064: You have an error in your SQL syntax; check the manual that corresponds to your MySQL server version for the right syntax to use near 'ORDER BY estore_news.id ASC' at line 4</span> in [E:\xampp\htdocs\freemobiweb.mobi\cake\libs\model\datasources\dbo_source.php, line 684]
2014-08-05 22:18:16 Warning: Warning (2): Missing argument 1 for Testcreatwebsite001Controller::paginate(), called in E:\xampp\htdocs\freemobiweb.mobi\app\controllers\testcreatwebsite001_controller.php on line 1787 and defined in [E:\xampp\htdocs\freemobiweb.mobi\app\controllers\testcreatwebsite001_controller.php, line 1802]
2014-08-05 22:18:16 Warning: Warning (2): Missing argument 2 for Testcreatwebsite001Controller::paginate(), called in E:\xampp\htdocs\freemobiweb.mobi\app\controllers\testcreatwebsite001_controller.php on line 1787 and defined in [E:\xampp\htdocs\freemobiweb.mobi\app\controllers\testcreatwebsite001_controller.php, line 1802]
2014-08-05 22:18:16 Warning: Warning (2): Missing argument 3 for Testcreatwebsite001Controller::paginate(), called in E:\xampp\htdocs\freemobiweb.mobi\app\controllers\testcreatwebsite001_controller.php on line 1787 and defined in [E:\xampp\htdocs\freemobiweb.mobi\app\controllers\testcreatwebsite001_controller.php, line 1802]
2014-08-05 22:18:16 Warning: Warning (2): Missing argument 4 for Testcreatwebsite001Controller::paginate(), called in E:\xampp\htdocs\freemobiweb.mobi\app\controllers\testcreatwebsite001_controller.php on line 1787 and defined in [E:\xampp\htdocs\freemobiweb.mobi\app\controllers\testcreatwebsite001_controller.php, line 1802]
2014-08-05 22:19:45 Warning: Warning (2): Missing argument 3 for Testcreatwebsite001Controller::paginate(), called in E:\xampp\htdocs\freemobiweb.mobi\app\controllers\testcreatwebsite001_controller.php on line 1786 and defined in [E:\xampp\htdocs\freemobiweb.mobi\app\controllers\testcreatwebsite001_controller.php, line 1802]
2014-08-05 22:19:45 Warning: Warning (2): Missing argument 4 for Testcreatwebsite001Controller::paginate(), called in E:\xampp\htdocs\freemobiweb.mobi\app\controllers\testcreatwebsite001_controller.php on line 1786 and defined in [E:\xampp\htdocs\freemobiweb.mobi\app\controllers\testcreatwebsite001_controller.php, line 1802]
2014-08-05 22:19:45 Warning: Warning (512): <span style="color:Red;text-align:left"><b>SQL Error:</b> 1054: Unknown column 'e' in 'where clause'</span> in [E:\xampp\htdocs\freemobiweb.mobi\cake\libs\model\datasources\dbo_source.php, line 684]
2014-08-05 22:19:45 Warning: Warning (2): Missing argument 3 for Testcreatwebsite001Controller::paginate(), called in E:\xampp\htdocs\freemobiweb.mobi\app\controllers\testcreatwebsite001_controller.php on line 1787 and defined in [E:\xampp\htdocs\freemobiweb.mobi\app\controllers\testcreatwebsite001_controller.php, line 1802]
2014-08-05 22:19:45 Warning: Warning (2): Missing argument 4 for Testcreatwebsite001Controller::paginate(), called in E:\xampp\htdocs\freemobiweb.mobi\app\controllers\testcreatwebsite001_controller.php on line 1787 and defined in [E:\xampp\htdocs\freemobiweb.mobi\app\controllers\testcreatwebsite001_controller.php, line 1802]
2014-08-05 22:22:26 Warning: Warning (2): Missing argument 3 for Testcreatwebsite001Controller::paginate(), called in E:\xampp\htdocs\freemobiweb.mobi\app\controllers\testcreatwebsite001_controller.php on line 1786 and defined in [E:\xampp\htdocs\freemobiweb.mobi\app\controllers\testcreatwebsite001_controller.php, line 1802]
2014-08-05 22:22:26 Warning: Warning (2): Missing argument 4 for Testcreatwebsite001Controller::paginate(), called in E:\xampp\htdocs\freemobiweb.mobi\app\controllers\testcreatwebsite001_controller.php on line 1786 and defined in [E:\xampp\htdocs\freemobiweb.mobi\app\controllers\testcreatwebsite001_controller.php, line 1802]
2014-08-05 22:22:26 Warning: Warning (2): Missing argument 3 for Testcreatwebsite001Controller::paginate(), called in E:\xampp\htdocs\freemobiweb.mobi\app\controllers\testcreatwebsite001_controller.php on line 1787 and defined in [E:\xampp\htdocs\freemobiweb.mobi\app\controllers\testcreatwebsite001_controller.php, line 1802]
2014-08-05 22:22:26 Warning: Warning (2): Missing argument 4 for Testcreatwebsite001Controller::paginate(), called in E:\xampp\htdocs\freemobiweb.mobi\app\controllers\testcreatwebsite001_controller.php on line 1787 and defined in [E:\xampp\htdocs\freemobiweb.mobi\app\controllers\testcreatwebsite001_controller.php, line 1802]
2014-08-05 22:45:07 Warning: Warning (2): Missing argument 3 for Testcreatwebsite001Controller::paginate(), called in E:\xampp\htdocs\freemobiweb.mobi\app\controllers\testcreatwebsite001_controller.php on line 1786 and defined in [E:\xampp\htdocs\freemobiweb.mobi\app\controllers\testcreatwebsite001_controller.php, line 1802]
2014-08-05 22:45:07 Warning: Warning (2): Missing argument 4 for Testcreatwebsite001Controller::paginate(), called in E:\xampp\htdocs\freemobiweb.mobi\app\controllers\testcreatwebsite001_controller.php on line 1786 and defined in [E:\xampp\htdocs\freemobiweb.mobi\app\controllers\testcreatwebsite001_controller.php, line 1802]
2014-08-05 22:45:07 Warning: Warning (2): Missing argument 3 for Testcreatwebsite001Controller::paginate(), called in E:\xampp\htdocs\freemobiweb.mobi\app\controllers\testcreatwebsite001_controller.php on line 1787 and defined in [E:\xampp\htdocs\freemobiweb.mobi\app\controllers\testcreatwebsite001_controller.php, line 1802]
2014-08-05 22:45:07 Warning: Warning (2): Missing argument 4 for Testcreatwebsite001Controller::paginate(), called in E:\xampp\htdocs\freemobiweb.mobi\app\controllers\testcreatwebsite001_controller.php on line 1787 and defined in [E:\xampp\htdocs\freemobiweb.mobi\app\controllers\testcreatwebsite001_controller.php, line 1802]
2014-08-05 22:45:10 Warning: Warning (512): You can not write to a Session from the view in [E:\xampp\htdocs\freemobiweb.mobi\cake\libs\view\helpers\session.php, line 184]
2014-08-05 22:45:15 Warning: Warning (2): Missing argument 3 for Testcreatwebsite001Controller::paginate(), called in E:\xampp\htdocs\freemobiweb.mobi\app\controllers\testcreatwebsite001_controller.php on line 1786 and defined in [E:\xampp\htdocs\freemobiweb.mobi\app\controllers\testcreatwebsite001_controller.php, line 1802]
2014-08-05 22:45:15 Warning: Warning (2): Missing argument 4 for Testcreatwebsite001Controller::paginate(), called in E:\xampp\htdocs\freemobiweb.mobi\app\controllers\testcreatwebsite001_controller.php on line 1786 and defined in [E:\xampp\htdocs\freemobiweb.mobi\app\controllers\testcreatwebsite001_controller.php, line 1802]
2014-08-05 22:45:15 Warning: Warning (2): Missing argument 3 for Testcreatwebsite001Controller::paginate(), called in E:\xampp\htdocs\freemobiweb.mobi\app\controllers\testcreatwebsite001_controller.php on line 1787 and defined in [E:\xampp\htdocs\freemobiweb.mobi\app\controllers\testcreatwebsite001_controller.php, line 1802]
2014-08-05 22:45:15 Warning: Warning (2): Missing argument 4 for Testcreatwebsite001Controller::paginate(), called in E:\xampp\htdocs\freemobiweb.mobi\app\controllers\testcreatwebsite001_controller.php on line 1787 and defined in [E:\xampp\htdocs\freemobiweb.mobi\app\controllers\testcreatwebsite001_controller.php, line 1802]
2014-08-05 22:47:28 Warning: Warning (2): Missing argument 3 for Testcreatwebsite001Controller::paginate(), called in E:\xampp\htdocs\freemobiweb.mobi\app\controllers\testcreatwebsite001_controller.php on line 1786 and defined in [E:\xampp\htdocs\freemobiweb.mobi\app\controllers\testcreatwebsite001_controller.php, line 1802]
2014-08-05 22:47:28 Warning: Warning (2): Missing argument 4 for Testcreatwebsite001Controller::paginate(), called in E:\xampp\htdocs\freemobiweb.mobi\app\controllers\testcreatwebsite001_controller.php on line 1786 and defined in [E:\xampp\htdocs\freemobiweb.mobi\app\controllers\testcreatwebsite001_controller.php, line 1802]
2014-08-05 22:47:28 Warning: Warning (2): Missing argument 3 for Testcreatwebsite001Controller::paginate(), called in E:\xampp\htdocs\freemobiweb.mobi\app\controllers\testcreatwebsite001_controller.php on line 1787 and defined in [E:\xampp\htdocs\freemobiweb.mobi\app\controllers\testcreatwebsite001_controller.php, line 1802]
2014-08-05 22:47:28 Warning: Warning (2): Missing argument 4 for Testcreatwebsite001Controller::paginate(), called in E:\xampp\htdocs\freemobiweb.mobi\app\controllers\testcreatwebsite001_controller.php on line 1787 and defined in [E:\xampp\htdocs\freemobiweb.mobi\app\controllers\testcreatwebsite001_controller.php, line 1802]
2014-08-05 22:47:30 Warning: Warning (512): You can not write to a Session from the view in [E:\xampp\htdocs\freemobiweb.mobi\cake\libs\view\helpers\session.php, line 184]
2014-08-05 22:47:35 Warning: Warning (2): Missing argument 3 for Testcreatwebsite001Controller::paginate(), called in E:\xampp\htdocs\freemobiweb.mobi\app\controllers\testcreatwebsite001_controller.php on line 1786 and defined in [E:\xampp\htdocs\freemobiweb.mobi\app\controllers\testcreatwebsite001_controller.php, line 1802]
2014-08-05 22:47:35 Warning: Warning (2): Missing argument 4 for Testcreatwebsite001Controller::paginate(), called in E:\xampp\htdocs\freemobiweb.mobi\app\controllers\testcreatwebsite001_controller.php on line 1786 and defined in [E:\xampp\htdocs\freemobiweb.mobi\app\controllers\testcreatwebsite001_controller.php, line 1802]
2014-08-05 22:47:35 Warning: Warning (2): Missing argument 3 for Testcreatwebsite001Controller::paginate(), called in E:\xampp\htdocs\freemobiweb.mobi\app\controllers\testcreatwebsite001_controller.php on line 1787 and defined in [E:\xampp\htdocs\freemobiweb.mobi\app\controllers\testcreatwebsite001_controller.php, line 1802]
2014-08-05 22:47:35 Warning: Warning (2): Missing argument 4 for Testcreatwebsite001Controller::paginate(), called in E:\xampp\htdocs\freemobiweb.mobi\app\controllers\testcreatwebsite001_controller.php on line 1787 and defined in [E:\xampp\htdocs\freemobiweb.mobi\app\controllers\testcreatwebsite001_controller.php, line 1802]
2014-08-06 03:59:32 Warning: Warning (2): Missing argument 3 for Testcreatwebsite001Controller::paginate(), called in E:\xampp\htdocs\freemobiweb.mobi\app\controllers\testcreatwebsite001_controller.php on line 680 and defined in [E:\xampp\htdocs\freemobiweb.mobi\app\controllers\testcreatwebsite001_controller.php, line 1802]
2014-08-06 03:59:32 Warning: Warning (2): Missing argument 4 for Testcreatwebsite001Controller::paginate(), called in E:\xampp\htdocs\freemobiweb.mobi\app\controllers\testcreatwebsite001_controller.php on line 680 and defined in [E:\xampp\htdocs\freemobiweb.mobi\app\controllers\testcreatwebsite001_controller.php, line 1802]
2014-08-06 03:59:32 Warning: Warning (2): Missing argument 3 for Testcreatwebsite001Controller::paginate(), called in E:\xampp\htdocs\freemobiweb.mobi\app\controllers\testcreatwebsite001_controller.php on line 1786 and defined in [E:\xampp\htdocs\freemobiweb.mobi\app\controllers\testcreatwebsite001_controller.php, line 1802]
2014-08-06 03:59:32 Warning: Warning (2): Missing argument 4 for Testcreatwebsite001Controller::paginate(), called in E:\xampp\htdocs\freemobiweb.mobi\app\controllers\testcreatwebsite001_controller.php on line 1786 and defined in [E:\xampp\htdocs\freemobiweb.mobi\app\controllers\testcreatwebsite001_controller.php, line 1802]
2014-08-06 03:59:32 Warning: Warning (2): Missing argument 3 for Testcreatwebsite001Controller::paginate(), called in E:\xampp\htdocs\freemobiweb.mobi\app\controllers\testcreatwebsite001_controller.php on line 1787 and defined in [E:\xampp\htdocs\freemobiweb.mobi\app\controllers\testcreatwebsite001_controller.php, line 1802]
2014-08-06 03:59:32 Warning: Warning (2): Missing argument 4 for Testcreatwebsite001Controller::paginate(), called in E:\xampp\htdocs\freemobiweb.mobi\app\controllers\testcreatwebsite001_controller.php on line 1787 and defined in [E:\xampp\htdocs\freemobiweb.mobi\app\controllers\testcreatwebsite001_controller.php, line 1802]
2014-08-06 03:59:41 Warning: Warning (512): You can not write to a Session from the view in [E:\xampp\htdocs\freemobiweb.mobi\cake\libs\view\helpers\session.php, line 184]
2014-08-06 04:00:28 Warning: Warning (512): You can not write to a Session from the view in [E:\xampp\htdocs\freemobiweb.mobi\cake\libs\view\helpers\session.php, line 184]
2014-08-06 04:09:15 Warning: Warning (512): You can not write to a Session from the view in [E:\xampp\htdocs\freemobiweb.mobi\cake\libs\view\helpers\session.php, line 184]
2014-08-06 04:09:33 Warning: Warning (512): You can not write to a Session from the view in [E:\xampp\htdocs\freemobiweb.mobi\cake\libs\view\helpers\session.php, line 184]
2014-08-06 04:13:07 Warning: Warning (512): You can not write to a Session from the view in [E:\xampp\htdocs\freemobiweb.mobi\cake\libs\view\helpers\session.php, line 184]
